Diagnose log at 2025-11-05T08:11:45Z

AppPath: C:\Program Files\Git\mingw64\bin\git-credential-manager.exe
InstallDir: C:\Program Files\Git\mingw64\bin\
Version: 2.6.1+786ab03440ddc82e807a97c0e540f5247e44cec6

------------
Diagnostic: Environment
Skipped: False
Success: True
Exception: None
Log:
OSType: Windows
OSVersion: 10.0 (build 26200)
Reading environment variables... OK
 Variables:
HOMEPATH=\Users\Маркет
DriverData=C:\Windows\System32\Drivers\DriverData
COMPUTERNAME=DESKTOP-3MTPAU6
GIT_TRACE2_PARENT_SID=96d0e034-ca32-4db9-a996-0245be6880af
CommonProgramFiles(x86)=C:\Program Files (x86)\Common Files
ProgramW6432=C:\Program Files
OneDrive=C:\Users\Маркет\OneDrive
ChocolateyLastPathUpdate=134050036265028800
TMP=C:\Users\4422~1\AppData\Local\Temp
PROCESSOR_REVISION=5000
PATHEXT=.COM;.EXE;.BAT;.CMD;.VBS;.VBE;.JS;.JSE;.WSF;.WSH;.MSC;.PY;.PYW;.CPL
GIT_EXEC_PATH=C:/Program Files/Git/mingw64/libexec/git-core
TEMP=C:\Users\4422~1\AppData\Local\Temp
LOCALAPPDATA=C:\Users\Маркет\AppData\Local
MSYSTEM=MINGW64
TERM=xterm-256color
COLORTERM=truecolor
USERDOMAIN=DESKTOP-3MTPAU6
ProgramFiles(x86)=C:\Program Files (x86)
Path=C:/Program Files/Git/mingw64/libexec/git-core;C:\Program Files\Git\mingw64\bin;C:\Program Files\Git\usr\bin;C:\Users\Маркет\bin;C:\Program Files\Common Files\Oracle\Java\javapath;C:\Python314\Scripts\;C:\Python314\;C:\WINDOWS\system32;C:\WINDOWS;C:\WINDOWS\System32\Wbem;C:\WINDOWS\System32\WindowsPowerShell\v1.0\;C:\WINDOWS\System32\OpenSSH\;C:\Program Files\nodejs\;C:\ProgramData\chocolatey\bin;C:\Program Files\Git\cmd;C:\Users\Маркет\AppData\Local\Microsoft\WindowsApps;C:\Users\Маркет\AppData\Local\Programs\Microsoft VS Code\bin;C:\Users\Маркет\AppData\Roaming\npm
PROCESSOR_LEVEL=25
PROCESSOR_IDENTIFIER=AMD64 Family 25 Model 80 Stepping 0, AuthenticAMD
TMPDIR=C:\Users\4422~1\AppData\Local\Temp
PSModulePath=C:\Users\Маркет\OneDrive\Documenti\WindowsPowerShell\Modules;C:\Program Files\WindowsPowerShell\Modules;C:\WINDOWS\system32\WindowsPowerShell\v1.0\Modules
PUBLIC=C:\Users\Public
NUMBER_OF_PROCESSORS=16
CommonProgramFiles=C:\Program Files (x86)\Common Files
PLINK_PROTOCOL=ssh
ProgramData=C:\ProgramData
ProgramFiles=C:\Program Files (x86)
ChocolateyInstall=C:\ProgramData\chocolatey
SystemRoot=C:\WINDOWS
HOME=C:\Users\Маркет
LC_CTYPE=C.UTF-8
CommonProgramW6432=C:\Program Files\Common Files
LOGONSERVER=\\DESKTOP-3MTPAU6
USERPROFILE=C:\Users\Маркет
USERDOMAIN_ROAMINGPROFILE=DESKTOP-3MTPAU6
APPDATA=C:\Users\Маркет\AppData\Roaming
HOMEDRIVE=C:
VBOX_MSI_INSTALL_PATH=C:\Program Files\Oracle\VirtualBox\
USERNAME=Madina
PROCESSOR_ARCHITEW6432=AMD64
PROCESSOR_ARCHITECTURE=x86
OS=Windows_NT
ComSpec=C:\WINDOWS\system32\cmd.exe
SystemDrive=C:
windir=C:\WINDOWS
OneDriveConsumer=C:\Users\Маркет\OneDrive
ALLUSERSPROFILE=C:\ProgramData


------------
Diagnostic: File system
Skipped: False
Success: True
Exception: None
Log:
Temporary directory is 'C:\Users\Маркет\AppData\Local\Temp\'...
Checking basic file I/O...
Writing to temporary file 'C:\Users\Маркет\AppData\Local\Temp\4e0448a68a117216c22d444e'... OK
Reading from temporary file 'C:\Users\Маркет\AppData\Local\Temp\4e0448a68a117216c22d444e'... OK
Deleting temporary file 'C:\Users\Маркет\AppData\Local\Temp\4e0448a68a117216c22d444e'... OK
Testing IFileSystem instance...
UserHomePath: C:\Users\Маркет
UserDataDirectoryPath: C:\Users\Маркет\.gcm
GetCurrentDirectory(): C:\Users\Маркет\OneDrive\Desktop\git

------------
Diagnostic: Networking
Skipped: False
Success: True
Exception: None
Log:
Checking networking and HTTP stack...
Creating HTTP client... OK
IsNetworkAvailable: True
Sending HEAD request to http://example.com...Sending HEAD request to https://example.com... OK
 OK
Acquiring free TCP port... OK
Testing local HTTP loopback connections...
Creating new HTTP listener for http://localhost:49214/... OK
Waiting for loopback connection... OK
Writing response... OK
Waiting for response data... OK
Loopback connection data OK

------------
Diagnostic: Git
Skipped: False
Success: True
Exception: None
Log:
Getting Git version... OK
Git version is '2.51.2.windows.1'
Locating current repository...Git repository at 'C:/Users/Маркет/OneDrive/Desktop/git/.git'
 OK
Listing all Git configuration... OK
Git configuration:
file:C:/Program Files/Git/etc/gitconfig	diff.astextplain.textconv=astextplain
file:C:/Program Files/Git/etc/gitconfig	filter.lfs.clean=git-lfs clean -- %f
file:C:/Program Files/Git/etc/gitconfig	filter.lfs.smudge=git-lfs smudge -- %f
file:C:/Program Files/Git/etc/gitconfig	filter.lfs.process=git-lfs filter-process
file:C:/Program Files/Git/etc/gitconfig	filter.lfs.required=true
file:C:/Program Files/Git/etc/gitconfig	http.sslbackend=schannel
file:C:/Program Files/Git/etc/gitconfig	core.autocrlf=true
file:C:/Program Files/Git/etc/gitconfig	core.fscache=true
file:C:/Program Files/Git/etc/gitconfig	core.symlinks=false
file:C:/Program Files/Git/etc/gitconfig	pull.rebase=false
file:C:/Program Files/Git/etc/gitconfig	credential.helper=manager
file:C:/Program Files/Git/etc/gitconfig	credential.helper=
file:C:/Program Files/Git/etc/gitconfig	credential.helper=C:/Program\ Files\ \(x86\)/Git\ Credential\ Manager/git-credential-manager.exe
file:C:/Program Files/Git/etc/gitconfig	credential.https://dev.azure.com.usehttppath=true
file:C:/Program Files/Git/etc/gitconfig	init.defaultbranch=master
file:"C:/Users/\320\234\320\260\321\200\320\272\320\265\321\202/.gitconfig"	user.name=madina
file:"C:/Users/\320\234\320\260\321\200\320\272\320\265\321\202/.gitconfig"	user.email=kakeinnoriaki90@gmai.com
file:"C:/Users/\320\234\320\260\321\200\320\272\320\265\321\202/.gitconfig"	user.emeil=kakeinnoriaki90@gmai.com
file:"C:/Users/\320\234\320\260\321\200\320\272\320\265\321\202/.gitconfig"	credential.helper=manager
file:"C:/Users/\320\234\320\260\321\200\320\272\320\265\321\202/.gitconfig"	credential.credentialstore=wincredman
file:"C:/Users/\320\234\320\260\321\200\320\272\320\265\321\202/.gitconfig"	credential.guiprompt=false
file:.git/config	core.repositoryformatversion=0
file:.git/config	core.filemode=false
file:.git/config	core.bare=false
file:.git/config	core.logallrefupdates=true
file:.git/config	core.symlinks=false
file:.git/config	core.ignorecase=true
file:.git/config	remote.origin.url=https://github.com/madinabustan/git.git
file:.git/config	remote.origin.fetch=+refs/heads/*:refs/remotes/origin/*
file:.git/config	credential.username=madina
file:.git/config	branch.main.remote=origin
file:.git/config	branch.main.merge=refs/heads/main


------------
Diagnostic: Credential storage
Skipped: False
Success: True
Exception: None
Log:
ICredentialStore instance is of type: CredentialStore
Writing test credential... OK
Reading test credential... OK
Deleting test credential... OK

------------
Diagnostic: Microsoft authentication (AAD/MSA)
Skipped: False
Success: True
Exception: None
Log:
Broker is not enabled.
Flow type is: Auto
Gathering MSAL token cache data... OK
CacheDirectory: C:\Users\Маркет\AppData\Local\.IdentityService
CacheFileName: msal.cache
CacheFilePath: C:\Users\Маркет\AppData\Local\.IdentityService\msal.cache
Creating cache helper... OK
Verifying MSAL token cache persistence... OK

------------
Diagnostic: GitHub API
Skipped: False
Success: True
Exception: None
Log:
Using 'https://github.com/' as API target.
Querying '/meta' endpoint... OK

